# JRE version: OpenJDK Runtime Environment Temurin-17.0.3+7 (17.0.3+7) (build 17.0.3+7)
# Java VM: OpenJDK 64-Bit Server VM Temurin-17.0.3+7 (17.0.3+7, mixed mode, tiered, compressed oops, compressed class ptrs, g1 gc, windows-amd64)
GC Precious Log:
 CPUs: 8 total, 8 available
 Memory: 3732M
 Large Page Support: Disabled
 NUMA Support: Disabled
 Compressed Oops: Enabled (32-bit)
 Heap Region Size: 1M
 Heap Min Capacity: 8M
 Heap Initial Capacity: 60M
 Heap Max Capacity: 934M
 Pre-touch: Disabled
 Parallel Workers: 8
 Concurrent Workers: 2
 Concurrent Refinement Workers: 8
 Periodic GC: Disabled
Heap:
 garbage-first heap   total 61440K, used 39522K [0x00000000c5a00000, 0x0000000100000000)
  region size 1024K, 14 young (14336K), 1 survivors (1024K)
 Metaspace       used 58178K, committed 58624K, reserved 1105920K
  class space    used 7027K, committed 7232K, reserved 1048576K
GC Heap History (20 events):
Event: 5.742 GC heap before
{Heap before GC invocations=13 (full 0):
 garbage-first heap   total 51200K, used 37351K [0x00000000c5a00000, 0x0000000100000000)
  region size 1024K, 21 young (21504K), 2 survivors (2048K)
 Metaspace       used 40009K, committed 40320K, reserved 1089536K
  class space    used 4710K, committed 4864K, reserved 1048576K
}
Event: 5.749 GC heap after
{Heap after GC invocations=14 (full 0):
 garbage-first heap   total 51200K, used 18839K [0x00000000c5a00000, 0x0000000100000000)
  region size 1024K, 3 young (3072K), 3 survivors (3072K)
 Metaspace       used 40009K, committed 40320K, reserved 1089536K
  class space    used 4710K, committed 4864K, reserved 1048576K
}
Event: 6.074 GC heap before
{Heap before GC invocations=14 (full 0):
 garbage-first heap   total 51200K, used 37271K [0x00000000c5a00000, 0x0000000100000000)
  region size 1024K, 22 young (22528K), 3 survivors (3072K)
 Metaspace       used 42121K, committed 42560K, reserved 1089536K
  class space    used 4984K, committed 5184K, reserved 1048576K
}
Event: 6.080 GC heap after
{Heap after GC invocations=15 (full 0):
 garbage-first heap   total 61440K, used 20277K [0x00000000c5a00000, 0x0000000100000000)
  region size 1024K, 3 young (3072K), 3 survivors (3072K)
 Metaspace       used 42121K, committed 42560K, reserved 1089536K
  class space    used 4984K, committed 5184K, reserved 1048576K
}
Event: 6.738 GC heap before
{Heap before GC invocations=15 (full 0):
 garbage-first heap   total 61440K, used 45877K [0x00000000c5a00000, 0x0000000100000000)
  region size 1024K, 28 young (28672K), 3 survivors (3072K)
 Metaspace       used 46279K, committed 46720K, reserved 1097728K
  class space    used 5666K, committed 5888K, reserved 1048576K
}
Event: 6.742 GC heap after
{Heap after GC invocations=16 (full 0):
 garbage-first heap   total 61440K, used 21803K [0x00000000c5a00000, 0x0000000100000000)
  region size 1024K, 3 young (3072K), 3 survivors (3072K)
 Metaspace       used 46279K, committed 46720K, reserved 1097728K
  class space    used 5666K, committed 5888K, reserved 1048576K
}
Event: 7.589 GC heap before
{Heap before GC invocations=16 (full 0):
 garbage-first heap   total 61440K, used 46379K [0x00000000c5a00000, 0x0000000100000000)
  region size 1024K, 28 young (28672K), 3 survivors (3072K)
 Metaspace       used 49860K, committed 50304K, reserved 1097728K
  class space    used 6175K, committed 6400K, reserved 1048576K
}
Event: 7.595 GC heap after
{Heap after GC invocations=17 (full 0):
 garbage-first heap   total 61440K, used 24299K [0x00000000c5a00000, 0x0000000100000000)
  region size 1024K, 4 young (4096K), 4 survivors (4096K)
 Metaspace       used 49860K, committed 50304K, reserved 1097728K
  class space    used 6175K, committed 6400K, reserved 1048576K
}
Event: 62.838 GC heap before
{Heap before GC invocations=17 (full 0):
 garbage-first heap   total 61440K, used 47851K [0x00000000c5a00000, 0x0000000100000000)
  region size 1024K, 27 young (27648K), 4 survivors (4096K)
 Metaspace       used 54827K, committed 55232K, reserved 1097728K
  class space    used 6819K, committed 7040K, reserved 1048576K
}
Event: 62.935 GC heap after
{Heap after GC invocations=18 (full 0):
 garbage-first heap   total 61440K, used 26413K [0x00000000c5a00000, 0x0000000100000000)
  region size 1024K, 3 young (3072K), 3 survivors (3072K)
 Metaspace       used 54827K, committed 55232K, reserved 1097728K
  class space    used 6819K, committed 7040K, reserved 1048576K
}
Event: 3165.492 GC heap before
{Heap before GC invocations=18 (full 0):
 garbage-first heap   total 61440K, used 47917K [0x00000000c5a00000, 0x0000000100000000)
  region size 1024K, 24 young (24576K), 3 survivors (3072K)
 Metaspace       used 57611K, committed 57984K, reserved 1105920K
  class space    used 7024K, committed 7232K, reserved 1048576K
}
Event: 3165.561 GC heap after
{Heap after GC invocations=19 (full 0):
 garbage-first heap   total 61440K, used 27343K [0x00000000c5a00000, 0x0000000100000000)
  region size 1024K, 1 young (1024K), 1 survivors (1024K)
 Metaspace       used 57611K, committed 57984K, reserved 1105920K
  class space    used 7024K, committed 7232K, reserved 1048576K
}
Event: 6620.121 GC heap before
{Heap before GC invocations=19 (full 0):
 garbage-first heap   total 61440K, used 48847K [0x00000000c5a00000, 0x0000000100000000)
  region size 1024K, 22 young (22528K), 1 survivors (1024K)
 Metaspace       used 57948K, committed 58368K, reserved 1105920K
  class space    used 7024K, committed 7232K, reserved 1048576K
}
Event: 6620.180 GC heap after
{Heap after GC invocations=20 (full 0):
 garbage-first heap   total 61440K, used 27215K [0x00000000c5a00000, 0x0000000100000000)
  region size 1024K, 1 young (1024K), 1 survivors (1024K)
 Metaspace       used 57948K, committed 58368K, reserved 1105920K
  class space    used 7024K, committed 7232K, reserved 1048576K
}
Event: 10350.347 GC heap before
{Heap before GC invocations=20 (full 0):
 garbage-first heap   total 61440K, used 49743K [0x00000000c5a00000, 0x0000000100000000)
  region size 1024K, 23 young (23552K), 1 survivors (1024K)
 Metaspace       used 58052K, committed 58432K, reserved 1105920K
  class space    used 7025K, committed 7232K, reserved 1048576K
}
Event: 10350.407 GC heap after
{Heap after GC invocations=21 (full 0):
 garbage-first heap   total 61440K, used 27246K [0x00000000c5a00000, 0x0000000100000000)
  region size 1024K, 1 young (1024K), 1 survivors (1024K)
 Metaspace       used 58052K, committed 58432K, reserved 1105920K
  class space    used 7025K, committed 7232K, reserved 1048576K
}
Event: 14371.226 GC heap before
{Heap before GC invocations=21 (full 0):
 garbage-first heap   total 61440K, used 50798K [0x00000000c5a00000, 0x0000000100000000)
  region size 1024K, 24 young (24576K), 1 survivors (1024K)
 Metaspace       used 58119K, committed 58560K, reserved 1105920K
  class space    used 7026K, committed 7232K, reserved 1048576K
}
Event: 14371.304 GC heap after
{Heap after GC invocations=22 (full 0):
 garbage-first heap   total 61440K, used 27212K [0x00000000c5a00000, 0x0000000100000000)
  region size 1024K, 1 young (1024K), 1 survivors (1024K)
 Metaspace       used 58119K, committed 58560K, reserved 1105920K
  class space    used 7026K, committed 7232K, reserved 1048576K
}
Event: 18538.814 GC heap before
{Heap before GC invocations=22 (full 0):
 garbage-first heap   total 61440K, used 50764K [0x00000000c5a00000, 0x0000000100000000)
  region size 1024K, 25 young (25600K), 1 survivors (1024K)
 Metaspace       used 58165K, committed 58624K, reserved 1105920K
  class space    used 7027K, committed 7232K, reserved 1048576K
}
Event: 18538.891 GC heap after
{Heap after GC invocations=23 (full 0):
 garbage-first heap   total 61440K, used 27234K [0x00000000c5a00000, 0x0000000100000000)
  region size 1024K, 1 young (1024K), 1 survivors (1024K)
 Metaspace       used 58165K, committed 58624K, reserved 1105920K
  class space    used 7027K, committed 7232K, reserved 1048576K
}

