# JRE version: OpenJDK Runtime Environment Temurin-17.0.3+7 (17.0.3+7) (build 17.0.3+7)
# Java VM: OpenJDK 64-Bit Server VM Temurin-17.0.3+7 (17.0.3+7, mixed mode, tiered, compressed oops, compressed class ptrs, g1 gc, windows-amd64)
GC Precious Log:
 CPUs: 8 total, 8 available
 Memory: 3732M
 Large Page Support: Disabled
 NUMA Support: Disabled
 Compressed Oops: Enabled (32-bit)
 Heap Region Size: 1M
 Heap Min Capacity: 8M
 Heap Initial Capacity: 60M
 Heap Max Capacity: 934M
 Pre-touch: Disabled
 Parallel Workers: 8
 Concurrent Workers: 2
 Concurrent Refinement Workers: 8
 Periodic GC: Disabled
Heap:
 garbage-first heap   total 55296K, used 26975K [0x00000000c5a00000, 0x0000000100000000)
  region size 1024K, 3 young (3072K), 1 survivors (1024K)
 Metaspace       used 60953K, committed 61376K, reserved 1105920K
  class space    used 7274K, committed 7488K, reserved 1048576K
GC Heap History (20 events):
Event: 10074.058 GC heap before
{Heap before GC invocations=31 (full 0):
 garbage-first heap   total 55296K, used 43416K [0x00000000c5a00000, 0x0000000100000000)
  region size 1024K, 19 young (19456K), 1 survivors (1024K)
 Metaspace       used 60280K, committed 60672K, reserved 1105920K
  class space    used 7263K, committed 7488K, reserved 1048576K
}
Event: 10074.090 GC heap after
{Heap after GC invocations=32 (full 0):
 garbage-first heap   total 55296K, used 25290K [0x00000000c5a00000, 0x0000000100000000)
  region size 1024K, 1 young (1024K), 1 survivors (1024K)
 Metaspace       used 60280K, committed 60672K, reserved 1105920K
  class space    used 7263K, committed 7488K, reserved 1048576K
}
Event: 12115.281 GC heap before
{Heap before GC invocations=33 (full 0):
 garbage-first heap   total 55296K, used 43722K [0x00000000c5a00000, 0x0000000100000000)
  region size 1024K, 19 young (19456K), 1 survivors (1024K)
 Metaspace       used 60359K, committed 60800K, reserved 1105920K
  class space    used 7260K, committed 7488K, reserved 1048576K
}
Event: 12115.305 GC heap after
{Heap after GC invocations=34 (full 0):
 garbage-first heap   total 55296K, used 25441K [0x00000000c5a00000, 0x0000000100000000)
  region size 1024K, 1 young (1024K), 1 survivors (1024K)
 Metaspace       used 60359K, committed 60800K, reserved 1105920K
  class space    used 7260K, committed 7488K, reserved 1048576K
}
Event: 12258.592 GC heap before
{Heap before GC invocations=34 (full 0):
 garbage-first heap   total 55296K, used 26465K [0x00000000c5a00000, 0x0000000100000000)
  region size 1024K, 2 young (2048K), 1 survivors (1024K)
 Metaspace       used 60359K, committed 60800K, reserved 1105920K
  class space    used 7260K, committed 7488K, reserved 1048576K
}
Event: 12258.643 GC heap after
{Heap after GC invocations=35 (full 0):
 garbage-first heap   total 55296K, used 25041K [0x00000000c5a00000, 0x0000000100000000)
  region size 1024K, 1 young (1024K), 1 survivors (1024K)
 Metaspace       used 60359K, committed 60800K, reserved 1105920K
  class space    used 7260K, committed 7488K, reserved 1048576K
}
Event: 14151.085 GC heap before
{Heap before GC invocations=35 (full 0):
 garbage-first heap   total 55296K, used 44497K [0x00000000c5a00000, 0x0000000100000000)
  region size 1024K, 20 young (20480K), 1 survivors (1024K)
 Metaspace       used 60472K, committed 60928K, reserved 1105920K
  class space    used 7260K, committed 7488K, reserved 1048576K
}
Event: 14151.248 GC heap after
{Heap after GC invocations=36 (full 0):
 garbage-first heap   total 55296K, used 25433K [0x00000000c5a00000, 0x0000000100000000)
  region size 1024K, 1 young (1024K), 1 survivors (1024K)
 Metaspace       used 60472K, committed 60928K, reserved 1105920K
  class space    used 7260K, committed 7488K, reserved 1048576K
}
Event: 15720.058 GC heap before
{Heap before GC invocations=37 (full 0):
 garbage-first heap   total 55296K, used 44889K [0x00000000c5a00000, 0x0000000100000000)
  region size 1024K, 20 young (20480K), 1 survivors (1024K)
 Metaspace       used 60583K, committed 60992K, reserved 1105920K
  class space    used 7259K, committed 7488K, reserved 1048576K
}
Event: 15720.150 GC heap after
{Heap after GC invocations=38 (full 0):
 garbage-first heap   total 55296K, used 25662K [0x00000000c5a00000, 0x0000000100000000)
  region size 1024K, 1 young (1024K), 1 survivors (1024K)
 Metaspace       used 60583K, committed 60992K, reserved 1105920K
  class space    used 7259K, committed 7488K, reserved 1048576K
}
Event: 15786.881 GC heap before
{Heap before GC invocations=38 (full 0):
 garbage-first heap   total 55296K, used 26686K [0x00000000c5a00000, 0x0000000100000000)
  region size 1024K, 2 young (2048K), 1 survivors (1024K)
 Metaspace       used 60595K, committed 61056K, reserved 1105920K
  class space    used 7259K, committed 7488K, reserved 1048576K
}
Event: 15787.001 GC heap after
{Heap after GC invocations=39 (full 0):
 garbage-first heap   total 55296K, used 25281K [0x00000000c5a00000, 0x0000000100000000)
  region size 1024K, 1 young (1024K), 1 survivors (1024K)
 Metaspace       used 60595K, committed 61056K, reserved 1105920K
  class space    used 7259K, committed 7488K, reserved 1048576K
}
Event: 17632.449 GC heap before
{Heap before GC invocations=39 (full 0):
 garbage-first heap   total 55296K, used 44737K [0x00000000c5a00000, 0x0000000100000000)
  region size 1024K, 20 young (20480K), 1 survivors (1024K)
 Metaspace       used 60694K, committed 61120K, reserved 1105920K
  class space    used 7261K, committed 7488K, reserved 1048576K
}
Event: 17632.532 GC heap after
{Heap after GC invocations=40 (full 0):
 garbage-first heap   total 55296K, used 25698K [0x00000000c5a00000, 0x0000000100000000)
  region size 1024K, 1 young (1024K), 1 survivors (1024K)
 Metaspace       used 60694K, committed 61120K, reserved 1105920K
  class space    used 7261K, committed 7488K, reserved 1048576K
}
Event: 19484.515 GC heap before
{Heap before GC invocations=41 (full 0):
 garbage-first heap   total 55296K, used 45154K [0x00000000c5a00000, 0x0000000100000000)
  region size 1024K, 20 young (20480K), 1 survivors (1024K)
 Metaspace       used 60806K, committed 61248K, reserved 1105920K
  class space    used 7268K, committed 7488K, reserved 1048576K
}
Event: 19484.628 GC heap after
{Heap after GC invocations=42 (full 0):
 garbage-first heap   total 55296K, used 26338K [0x00000000c5a00000, 0x0000000100000000)
  region size 1024K, 2 young (2048K), 2 survivors (2048K)
 Metaspace       used 60806K, committed 61248K, reserved 1105920K
  class space    used 7268K, committed 7488K, reserved 1048576K
}
Event: 19526.410 GC heap before
{Heap before GC invocations=42 (full 0):
 garbage-first heap   total 55296K, used 27362K [0x00000000c5a00000, 0x0000000100000000)
  region size 1024K, 3 young (3072K), 2 survivors (2048K)
 Metaspace       used 60853K, committed 61312K, reserved 1105920K
  class space    used 7271K, committed 7488K, reserved 1048576K
}
Event: 19526.484 GC heap after
{Heap after GC invocations=43 (full 0):
 garbage-first heap   total 55296K, used 25955K [0x00000000c5a00000, 0x0000000100000000)
  region size 1024K, 1 young (1024K), 1 survivors (1024K)
 Metaspace       used 60853K, committed 61312K, reserved 1105920K
  class space    used 7271K, committed 7488K, reserved 1048576K
}
Event: 19817.359 GC heap before
{Heap before GC invocations=43 (full 0):
 garbage-first heap   total 55296K, used 44387K [0x00000000c5a00000, 0x0000000100000000)
  region size 1024K, 19 young (19456K), 1 survivors (1024K)
 Metaspace       used 60980K, committed 61376K, reserved 1105920K
  class space    used 7279K, committed 7488K, reserved 1048576K
}
Event: 19817.484 GC heap after
{Heap after GC invocations=44 (full 0):
 garbage-first heap   total 55296K, used 25951K [0x00000000c5a00000, 0x0000000100000000)
  region size 1024K, 1 young (1024K), 1 survivors (1024K)
 Metaspace       used 60980K, committed 61376K, reserved 1105920K
  class space    used 7279K, committed 7488K, reserved 1048576K
}

