# JRE version: OpenJDK Runtime Environment Temurin-17.0.3+7 (17.0.3+7) (build 17.0.3+7)
# Java VM: OpenJDK 64-Bit Server VM Temurin-17.0.3+7 (17.0.3+7, mixed mode, tiered, compressed oops, compressed class ptrs, g1 gc, windows-amd64)
GC Precious Log:
 CPUs: 8 total, 8 available
 Memory: 3732M
 Large Page Support: Disabled
 NUMA Support: Disabled
 Compressed Oops: Enabled (32-bit)
 Heap Region Size: 1M
 Heap Min Capacity: 8M
 Heap Initial Capacity: 60M
 Heap Max Capacity: 934M
 Pre-touch: Disabled
 Parallel Workers: 8
 Concurrent Workers: 2
 Concurrent Refinement Workers: 8
 Periodic GC: Disabled
Heap:
 garbage-first heap   total 152576K, used 42855K [0x00000000c5a00000, 0x0000000100000000)
  region size 1024K, 12 young (12288K), 9 survivors (9216K)
 Metaspace       used 78707K, committed 79168K, reserved 1122304K
  class space    used 10189K, committed 10368K, reserved 1048576K
GC Heap History (20 events):
Event: 29.206 GC heap before
{Heap before GC invocations=24 (full 0):
 garbage-first heap   total 58368K, used 43634K [0x00000000c5a00000, 0x0000000100000000)
  region size 1024K, 18 young (18432K), 1 survivors (1024K)
 Metaspace       used 50517K, committed 50880K, reserved 1097728K
  class space    used 6253K, committed 6400K, reserved 1048576K
}
Event: 29.211 GC heap after
{Heap after GC invocations=25 (full 0):
 garbage-first heap   total 58368K, used 28576K [0x00000000c5a00000, 0x0000000100000000)
  region size 1024K, 3 young (3072K), 3 survivors (3072K)
 Metaspace       used 50517K, committed 50880K, reserved 1097728K
  class space    used 6253K, committed 6400K, reserved 1048576K
}
Event: 31.554 GC heap before
{Heap before GC invocations=25 (full 0):
 garbage-first heap   total 58368K, used 43936K [0x00000000c5a00000, 0x0000000100000000)
  region size 1024K, 19 young (19456K), 3 survivors (3072K)
 Metaspace       used 55074K, committed 55424K, reserved 1105920K
  class space    used 6901K, committed 7040K, reserved 1048576K
}
Event: 31.564 GC heap after
{Heap after GC invocations=26 (full 0):
 garbage-first heap   total 58368K, used 29629K [0x00000000c5a00000, 0x0000000100000000)
  region size 1024K, 1 young (1024K), 1 survivors (1024K)
 Metaspace       used 55074K, committed 55424K, reserved 1105920K
  class space    used 6901K, committed 7040K, reserved 1048576K
}
Event: 34.269 GC heap before
{Heap before GC invocations=26 (full 0):
 garbage-first heap   total 58368K, used 44989K [0x00000000c5a00000, 0x0000000100000000)
  region size 1024K, 17 young (17408K), 1 survivors (1024K)
 Metaspace       used 58348K, committed 58752K, reserved 1105920K
  class space    used 7444K, committed 7680K, reserved 1048576K
}
Event: 34.277 GC heap after
{Heap after GC invocations=27 (full 0):
 garbage-first heap   total 58368K, used 30443K [0x00000000c5a00000, 0x0000000100000000)
  region size 1024K, 2 young (2048K), 2 survivors (2048K)
 Metaspace       used 58348K, committed 58752K, reserved 1105920K
  class space    used 7444K, committed 7680K, reserved 1048576K
}
Event: 35.834 GC heap before
{Heap before GC invocations=28 (full 0):
 garbage-first heap   total 58368K, used 44779K [0x00000000c5a00000, 0x0000000100000000)
  region size 1024K, 17 young (17408K), 2 survivors (2048K)
 Metaspace       used 60373K, committed 60800K, reserved 1105920K
  class space    used 7749K, committed 7936K, reserved 1048576K
}
Event: 35.851 GC heap after
{Heap after GC invocations=29 (full 0):
 garbage-first heap   total 58368K, used 31657K [0x00000000c5a00000, 0x0000000100000000)
  region size 1024K, 3 young (3072K), 3 survivors (3072K)
 Metaspace       used 60373K, committed 60800K, reserved 1105920K
  class space    used 7749K, committed 7936K, reserved 1048576K
}
Event: 35.867 GC heap before
{Heap before GC invocations=29 (full 0):
 garbage-first heap   total 58368K, used 32681K [0x00000000c5a00000, 0x0000000100000000)
  region size 1024K, 4 young (4096K), 3 survivors (3072K)
 Metaspace       used 60373K, committed 60800K, reserved 1105920K
  class space    used 7749K, committed 7936K, reserved 1048576K
}
Event: 35.894 GC heap after
{Heap after GC invocations=30 (full 0):
 garbage-first heap   total 58368K, used 31298K [0x00000000c5a00000, 0x0000000100000000)
  region size 1024K, 1 young (1024K), 1 survivors (1024K)
 Metaspace       used 60373K, committed 60800K, reserved 1105920K
  class space    used 7749K, committed 7936K, reserved 1048576K
}
Event: 37.505 GC heap before
{Heap before GC invocations=30 (full 0):
 garbage-first heap   total 58368K, used 45634K [0x00000000c5a00000, 0x0000000100000000)
  region size 1024K, 15 young (15360K), 1 survivors (1024K)
 Metaspace       used 63124K, committed 63552K, reserved 1105920K
  class space    used 8091K, committed 8320K, reserved 1048576K
}
Event: 37.509 GC heap after
{Heap after GC invocations=31 (full 0):
 garbage-first heap   total 58368K, used 32046K [0x00000000c5a00000, 0x0000000100000000)
  region size 1024K, 1 young (1024K), 1 survivors (1024K)
 Metaspace       used 63124K, committed 63552K, reserved 1105920K
  class space    used 8091K, committed 8320K, reserved 1048576K
}
Event: 39.300 GC heap before
{Heap before GC invocations=32 (full 0):
 garbage-first heap   total 58368K, used 46382K [0x00000000c5a00000, 0x0000000100000000)
  region size 1024K, 15 young (15360K), 1 survivors (1024K)
 Metaspace       used 64421K, committed 64832K, reserved 1105920K
  class space    used 8256K, committed 8448K, reserved 1048576K
}
Event: 39.305 GC heap after
{Heap after GC invocations=33 (full 0):
 garbage-first heap   total 58368K, used 32964K [0x00000000c5a00000, 0x0000000100000000)
  region size 1024K, 2 young (2048K), 2 survivors (2048K)
 Metaspace       used 64421K, committed 64832K, reserved 1105920K
  class space    used 8256K, committed 8448K, reserved 1048576K
}
Event: 39.416 GC heap before
{Heap before GC invocations=33 (full 0):
 garbage-first heap   total 58368K, used 33988K [0x00000000c5a00000, 0x0000000100000000)
  region size 1024K, 3 young (3072K), 2 survivors (2048K)
 Metaspace       used 64670K, committed 65152K, reserved 1105920K
  class space    used 8285K, committed 8512K, reserved 1048576K
}
Event: 39.446 GC heap after
{Heap after GC invocations=34 (full 0):
 garbage-first heap   total 58368K, used 32774K [0x00000000c5a00000, 0x0000000100000000)
  region size 1024K, 1 young (1024K), 1 survivors (1024K)
 Metaspace       used 64670K, committed 65152K, reserved 1105920K
  class space    used 8285K, committed 8512K, reserved 1048576K
}
Event: 41.838 GC heap before
{Heap before GC invocations=34 (full 0):
 garbage-first heap   total 58368K, used 47110K [0x00000000c5a00000, 0x0000000100000000)
  region size 1024K, 15 young (15360K), 1 survivors (1024K)
 Metaspace       used 67009K, committed 67456K, reserved 1114112K
  class space    used 8623K, committed 8832K, reserved 1048576K
}
Event: 41.845 GC heap after
{Heap after GC invocations=35 (full 0):
 garbage-first heap   total 152576K, used 33787K [0x00000000c5a00000, 0x0000000100000000)
  region size 1024K, 2 young (2048K), 2 survivors (2048K)
 Metaspace       used 67009K, committed 67456K, reserved 1114112K
  class space    used 8623K, committed 8832K, reserved 1048576K
}
Event: 387.742 GC heap before
{Heap before GC invocations=35 (full 0):
 garbage-first heap   total 152576K, used 117755K [0x00000000c5a00000, 0x0000000100000000)
  region size 1024K, 84 young (86016K), 2 survivors (2048K)
 Metaspace       used 78692K, committed 79104K, reserved 1122304K
  class space    used 10188K, committed 10368K, reserved 1048576K
}
Event: 388.251 GC heap after
{Heap after GC invocations=36 (full 0):
 garbage-first heap   total 152576K, used 40807K [0x00000000c5a00000, 0x0000000100000000)
  region size 1024K, 9 young (9216K), 9 survivors (9216K)
 Metaspace       used 78692K, committed 79104K, reserved 1122304K
  class space    used 10188K, committed 10368K, reserved 1048576K
}

