# JRE version: OpenJDK Runtime Environment Temurin-17.0.3+7 (17.0.3+7) (build 17.0.3+7)
# Java VM: OpenJDK 64-Bit Server VM Temurin-17.0.3+7 (17.0.3+7, mixed mode, tiered, compressed oops, compressed class ptrs, g1 gc, windows-amd64)
GC Precious Log:
 CPUs: 8 total, 8 available
 Memory: 3732M
 Large Page Support: Disabled
 NUMA Support: Disabled
 Compressed Oops: Enabled (32-bit)
 Heap Region Size: 1M
 Heap Min Capacity: 8M
 Heap Initial Capacity: 60M
 Heap Max Capacity: 934M
 Pre-touch: Disabled
 Parallel Workers: 8
 Concurrent Workers: 2
 Concurrent Refinement Workers: 8
 Periodic GC: Disabled
Heap:
 garbage-first heap   total 102400K, used 70177K [0x00000000c5a00000, 0x0000000100000000)
  region size 1024K, 27 young (27648K), 2 survivors (2048K)
 Metaspace       used 84155K, committed 84608K, reserved 1130496K
  class space    used 10637K, committed 10816K, reserved 1048576K
GC Heap History (20 events):
Event: 5698.949 GC heap before
{Heap before GC invocations=27 (full 0):
 garbage-first heap   total 102400K, used 82594K [0x00000000c5a00000, 0x0000000100000000)
  region size 1024K, 39 young (39936K), 3 survivors (3072K)
 Metaspace       used 82894K, committed 83392K, reserved 1122304K
  class space    used 10625K, committed 10816K, reserved 1048576K
}
Event: 5699.040 GC heap after
{Heap after GC invocations=28 (full 0):
 garbage-first heap   total 102400K, used 45809K [0x00000000c5a00000, 0x0000000100000000)
  region size 1024K, 2 young (2048K), 2 survivors (2048K)
 Metaspace       used 82894K, committed 83392K, reserved 1122304K
  class space    used 10625K, committed 10816K, reserved 1048576K
}
Event: 7403.166 GC heap before
{Heap before GC invocations=28 (full 0):
 garbage-first heap   total 102400K, used 82673K [0x00000000c5a00000, 0x0000000100000000)
  region size 1024K, 39 young (39936K), 2 survivors (2048K)
 Metaspace       used 83058K, committed 83520K, reserved 1122304K
  class space    used 10625K, committed 10816K, reserved 1048576K
}
Event: 7403.215 GC heap after
{Heap after GC invocations=29 (full 0):
 garbage-first heap   total 102400K, used 45696K [0x00000000c5a00000, 0x0000000100000000)
  region size 1024K, 2 young (2048K), 2 survivors (2048K)
 Metaspace       used 83058K, committed 83520K, reserved 1122304K
  class space    used 10625K, committed 10816K, reserved 1048576K
}
Event: 9014.677 GC heap before
{Heap before GC invocations=29 (full 0):
 garbage-first heap   total 102400K, used 82560K [0x00000000c5a00000, 0x0000000100000000)
  region size 1024K, 39 young (39936K), 2 survivors (2048K)
 Metaspace       used 83312K, committed 83712K, reserved 1122304K
  class space    used 10626K, committed 10816K, reserved 1048576K
}
Event: 9014.709 GC heap after
{Heap after GC invocations=30 (full 0):
 garbage-first heap   total 102400K, used 45727K [0x00000000c5a00000, 0x0000000100000000)
  region size 1024K, 2 young (2048K), 2 survivors (2048K)
 Metaspace       used 83312K, committed 83712K, reserved 1122304K
  class space    used 10626K, committed 10816K, reserved 1048576K
}
Event: 10767.093 GC heap before
{Heap before GC invocations=30 (full 0):
 garbage-first heap   total 102400K, used 83615K [0x00000000c5a00000, 0x0000000100000000)
  region size 1024K, 40 young (40960K), 2 survivors (2048K)
 Metaspace       used 83428K, committed 83904K, reserved 1122304K
  class space    used 10626K, committed 10816K, reserved 1048576K
}
Event: 10767.125 GC heap after
{Heap after GC invocations=31 (full 0):
 garbage-first heap   total 102400K, used 45674K [0x00000000c5a00000, 0x0000000100000000)
  region size 1024K, 2 young (2048K), 2 survivors (2048K)
 Metaspace       used 83428K, committed 83904K, reserved 1122304K
  class space    used 10626K, committed 10816K, reserved 1048576K
}
Event: 12506.279 GC heap before
{Heap before GC invocations=31 (full 0):
 garbage-first heap   total 102400K, used 84586K [0x00000000c5a00000, 0x0000000100000000)
  region size 1024K, 40 young (40960K), 2 survivors (2048K)
 Metaspace       used 83556K, committed 83968K, reserved 1122304K
  class space    used 10627K, committed 10816K, reserved 1048576K
}
Event: 12506.289 GC heap after
{Heap after GC invocations=32 (full 0):
 garbage-first heap   total 102400K, used 45699K [0x00000000c5a00000, 0x0000000100000000)
  region size 1024K, 2 young (2048K), 2 survivors (2048K)
 Metaspace       used 83556K, committed 83968K, reserved 1122304K
  class space    used 10627K, committed 10816K, reserved 1048576K
}
Event: 14307.395 GC heap before
{Heap before GC invocations=32 (full 0):
 garbage-first heap   total 102400K, used 84611K [0x00000000c5a00000, 0x0000000100000000)
  region size 1024K, 41 young (41984K), 2 survivors (2048K)
 Metaspace       used 83661K, committed 84096K, reserved 1130496K
  class space    used 10627K, committed 10816K, reserved 1048576K
}
Event: 14307.451 GC heap after
{Heap after GC invocations=33 (full 0):
 garbage-first heap   total 102400K, used 45702K [0x00000000c5a00000, 0x0000000100000000)
  region size 1024K, 2 young (2048K), 2 survivors (2048K)
 Metaspace       used 83661K, committed 84096K, reserved 1130496K
  class space    used 10627K, committed 10816K, reserved 1048576K
}
Event: 16082.362 GC heap before
{Heap before GC invocations=33 (full 0):
 garbage-first heap   total 102400K, used 84614K [0x00000000c5a00000, 0x0000000100000000)
  region size 1024K, 41 young (41984K), 2 survivors (2048K)
 Metaspace       used 83748K, committed 84160K, reserved 1130496K
  class space    used 10627K, committed 10816K, reserved 1048576K
}
Event: 16082.429 GC heap after
{Heap after GC invocations=34 (full 0):
 garbage-first heap   total 102400K, used 45747K [0x00000000c5a00000, 0x0000000100000000)
  region size 1024K, 2 young (2048K), 2 survivors (2048K)
 Metaspace       used 83748K, committed 84160K, reserved 1130496K
  class space    used 10627K, committed 10816K, reserved 1048576K
}
Event: 17835.068 GC heap before
{Heap before GC invocations=34 (full 0):
 garbage-first heap   total 102400K, used 85683K [0x00000000c5a00000, 0x0000000100000000)
  region size 1024K, 41 young (41984K), 2 survivors (2048K)
 Metaspace       used 83823K, committed 84288K, reserved 1130496K
  class space    used 10627K, committed 10816K, reserved 1048576K
}
Event: 17835.191 GC heap after
{Heap after GC invocations=35 (full 0):
 garbage-first heap   total 102400K, used 45723K [0x00000000c5a00000, 0x0000000100000000)
  region size 1024K, 2 young (2048K), 2 survivors (2048K)
 Metaspace       used 83823K, committed 84288K, reserved 1130496K
  class space    used 10627K, committed 10816K, reserved 1048576K
}
Event: 19682.529 GC heap before
{Heap before GC invocations=35 (full 0):
 garbage-first heap   total 102400K, used 86683K [0x00000000c5a00000, 0x0000000100000000)
  region size 1024K, 42 young (43008K), 2 survivors (2048K)
 Metaspace       used 83883K, committed 84352K, reserved 1130496K
  class space    used 10627K, committed 10816K, reserved 1048576K
}
Event: 19682.656 GC heap after
{Heap after GC invocations=36 (full 0):
 garbage-first heap   total 102400K, used 45766K [0x00000000c5a00000, 0x0000000100000000)
  region size 1024K, 2 young (2048K), 2 survivors (2048K)
 Metaspace       used 83883K, committed 84352K, reserved 1130496K
  class space    used 10627K, committed 10816K, reserved 1048576K
}
Event: 20776.104 GC heap before
{Heap before GC invocations=36 (full 0):
 garbage-first heap   total 102400K, used 86726K [0x00000000c5a00000, 0x0000000100000000)
  region size 1024K, 42 young (43008K), 2 survivors (2048K)
 Metaspace       used 84059K, committed 84480K, reserved 1130496K
  class space    used 10636K, committed 10816K, reserved 1048576K
}
Event: 20776.257 GC heap after
{Heap after GC invocations=37 (full 0):
 garbage-first heap   total 102400K, used 45601K [0x00000000c5a00000, 0x0000000100000000)
  region size 1024K, 2 young (2048K), 2 survivors (2048K)
 Metaspace       used 84059K, committed 84480K, reserved 1130496K
  class space    used 10636K, committed 10816K, reserved 1048576K
}

